[2025-07-26T09:02:04.674Z] Blog okundu: EventEmitter Kullanımı (2)
[2025-07-26T09:53:21.254Z] Blog okundu: İlk Blog (1)
[2025-07-26T09:54:13.040Z] Blog okundu: İlk Blog (1)
[2025-07-26T10:25:50.787Z] Blog okundu: İlk Blog (1)
[2025-07-26T10:25:52.687Z] Blog okundu: İlk Blog (1)
[2025-07-26T10:26:06.030Z] Blog okundu: İlk Blog (1)
[2025-07-26T10:26:10.806Z] Blog okundu: İlk Blog (1)
[2025-07-26T10:26:15.542Z] Blog okundu: EventEmitter Kullanımı (2)
[2025-07-26T10:26:35.487Z] Blog okundu: FS Modülü ile Dosya İşlemleri (3)
[2025-07-26T10:27:01.709Z] Blog okundu: EventEmitter Kullanımı (2)
[2025-07-26T10:27:07.631Z] Blog okundu: İlk Blog (1)
[2025-07-26T10:27:17.806Z] Blog okundu: İlk Blog (1)
[2025-07-26T10:43:37.826Z] Yeni blog oluşturuldu: blog (458f62bc-c9e5-46a7-bb44-c8bbbb881d48)
[2025-07-26T12:52:02.178Z] Yeni blog oluşturuldu: Node.js ile Sunucu Taraflı Programlama (f5e00d6c-bd9c-4fac-b866-58c87f8f2b2f)
[2025-07-26T12:52:22.024Z] Yeni blog oluşturuldu: Express.js ile REST API Geliştirme (cd4913bf-c3e3-4506-9d53-f968aede4b17)
[2025-07-26T12:52:44.258Z] Yeni blog oluşturuldu: MongoDB ile NoSQL Veritabanlarına Giriş (bbd1a28b-fb57-4504-b040-bcb1ee25800c)
[2025-07-26T12:53:00.793Z] Yeni blog oluşturuldu: Middleware Kavramı Nedir? (0e7dc1a9-8c3e-4f77-959c-8f7bf3d70925)
[2025-07-26T12:53:17.299Z] Yeni blog oluşturuldu: JWT ile Güvenli Kimlik Doğrulama (eac9b6c9-c362-4408-bbdb-962cb2908861)
[2025-07-26T12:53:33.936Z] Yeni blog oluşturuldu: Node.js ile Dosya İşlemleri (e697419c-235c-42f9-b920-bbdb86721992)
[2025-07-26T12:55:56.018Z] Yeni blog oluşturuldu: Node.js ile Dosya İşlemleriasdf (6e99940d-6c78-4d63-9c5d-456deed6df5d)
[2025-07-26T12:56:44.744Z] Yeni blog oluşturuldu: Node.js ile Sunucu Taraflı Programlama (07f1ba62-d474-4d1c-a18c-c8411d1c5adf)
[2025-07-26T12:57:07.635Z] Yeni blog oluşturuldu: Express.js ile REST API Geliştirme (9d00ee4e-4cb5-4d92-83ef-f4774b25b654)
[2025-07-26T12:57:20.626Z] Yeni blog oluşturuldu: MongoDB ile NoSQL Veritabanlarına Giriş (42875b1d-7be2-4a4f-ab09-ec69645ef7e4)
[2025-07-26T12:57:31.736Z] Yeni blog oluşturuldu: Middleware Kavramı Nedir? (411e4340-b8cd-42ce-b2e3-14b23742da7a)
[2025-07-26T12:57:44.722Z] Yeni blog oluşturuldu: JWT ile Güvenli Kimlik Doğrulama (ebaa4779-70b5-41dd-97dc-114e7a076fb5)
[2025-07-26T12:57:57.100Z] Yeni blog oluşturuldu: Node.js ile Dosya İşlemleri (885f9f1a-3761-4fc1-8103-969cff551749)
[2025-07-26T12:58:53.482Z] Blog okundu: Node.js ile Sunucu Taraflı Programlama (07f1ba62-d474-4d1c-a18c-c8411d1c5adf)
[2025-07-26T12:58:58.598Z] Blog okundu: Node.js ile Sunucu Taraflı Programlama (07f1ba62-d474-4d1c-a18c-c8411d1c5adf)
[2025-07-26T14:30:35.650Z] Blog okundu: Node.js ile Sunucu Taraflı Programlama (07f1ba62-d474-4d1c-a18c-c8411d1c5adf)
[2025-07-26T14:31:05.285Z] Yeni blog oluşturuldu: fs Modülü ile Dosya İşlemleri (27aaaef8-dbc2-4dcc-9ed8-6ce2aa549440)
[2025-07-26T14:31:43.504Z] Yeni blog oluşturuldu: fs Modülü ile Dosya İşlemleri (ddea5ce3-6eaf-46a6-bf5a-1867715bfeb4)
[2025-07-26T14:33:31.044Z] Blog okundu: Express.js ile REST API Geliştirme (9d00ee4e-4cb5-4d92-83ef-f4774b25b654)
[2025-07-26T14:33:34.263Z] Blog okundu: Express.js ile REST API Geliştirme (9d00ee4e-4cb5-4d92-83ef-f4774b25b654)
[2025-07-26T18:01:56.987Z] Blog okundu: Node.js ile Sunucu Taraflı Programlama (07f1ba62-d474-4d1c-a18c-c8411d1c5adf)
[2025-07-26T18:02:01.651Z] Blog okundu: Node.js ile Sunucu Taraflı Programlama (07f1ba62-d474-4d1c-a18c-c8411d1c5adf)
[2025-07-26T18:02:02.946Z] Blog okundu: Node.js ile Sunucu Taraflı Programlama (07f1ba62-d474-4d1c-a18c-c8411d1c5adf)
[2025-07-26T18:03:25.641Z] Yeni blog oluşturuldu: Node.js nedir? (18e36280-c87a-4456-8d3d-9c44cde67179)
